android/app/build/intermediates/manifest_merge_blame_file/release/processReleaseMainManifest/manifest-merger-blame-release-report.txt
1<?xml version="1.0" encoding="utf-8"?>
2<manifest xmlns:android="http://schemas.android.com/apk/res/android"
3    package="com.astroma"
4    android:versionCode="5"
5    android:versionName="1.0" >
6
7    <uses-sdk
8        android:minSdkVersion="24"
9        android:targetSdkVersion="36" />
10
11    <uses-permission android:name="android.permission.INTERNET" />
11-->src/main/AndroidManifest.xml:3:5-67
11-->src/main/AndroidManifest.xml:3:22-64
12    <uses-permission android:name="com.android.vending.BILLING" />
12-->src/main/AndroidManifest.xml:4:5-67
12-->src/main/AndroidManifest.xml:4:22-64
13
14    <queries>
14-->[:react-native-webview] AndroidManifest.xml:7:5-17:15
15        <intent>
15-->[:react-native-webview] AndroidManifest.xml:8:9-10:18
16            <action android:name="org.chromium.intent.action.PAY" />
16-->[:react-native-webview] AndroidManifest.xml:9:13-69
16-->[:react-native-webview] AndroidManifest.xml:9:21-66
17        </intent>
18        <intent>
18-->[:react-native-webview] AndroidManifest.xml:11:9-13:18
19            <action android:name="org.chromium.intent.action.IS_READY_TO_PAY" />
19-->[:react-native-webview] AndroidManifest.xml:12:13-81
19-->[:react-native-webview] AndroidManifest.xml:12:21-78
20        </intent>
21        <intent>
21-->[:react-native-webview] AndroidManifest.xml:14:9-16:18
22            <action android:name="org.chromium.intent.action.UPDATE_PAYMENT_DETAILS" />
22-->[:react-native-webview] AndroidManifest.xml:15:13-88
22-->[:react-native-webview] AndroidManifest.xml:15:21-85
23        </intent>
24        <intent>
24-->[com.android.billingclient:billing:7.0.0] AndroidManifest.xml:13:9-15:18
25            <action android:name="com.android.vending.billing.InAppBillingService.BIND" />
25-->[com.android.billingclient:billing:7.0.0] AndroidManifest.xml:14:13-91
25-->[com.android.billingclient:billing:7.0.0] AndroidManifest.xml:14:21-88
26        </intent>
27    </queries>
28
29    <uses-permission android:name="android.permission.ACCESS_NETWORK_STATE" />
29-->[:react-native-community_netinfo] AndroidManifest.xml:7:5-79
29-->[:react-native-community_netinfo] AndroidManifest.xml:7:22-76
30    <uses-permission android:name="android.permission.ACCESS_WIFI_STATE" />
30-->[:react-native-community_netinfo] AndroidManifest.xml:8:5-76
30-->[:react-native-community_netinfo] AndroidManifest.xml:8:22-73
31    <uses-permission android:name="android.permission.WRITE_EXTERNAL_STORAGE" />
31-->[:react-native-fs] AndroidManifest.xml:7:5-81
31-->[:react-native-fs] AndroidManifest.xml:7:22-78
32    <uses-permission android:name="android.permission.READ_EXTERNAL_STORAGE" />
33    <uses-permission android:name="android.permission.WAKE_LOCK" />
33-->[com.google.android.gms:play-services-measurement:23.0.0] AndroidManifest.xml:25:5-68
33-->[com.google.android.gms:play-services-measurement:23.0.0] AndroidManifest.xml:25:22-65
34    <uses-permission android:name="com.google.android.finsky.permission.BIND_GET_INSTALL_REFERRER_SERVICE" />
34-->[com.google.android.gms:play-services-measurement:23.0.0] AndroidManifest.xml:26:5-110
34-->[com.google.android.gms:play-services-measurement:23.0.0] AndroidManifest.xml:26:22-107
35    <uses-permission android:name="com.google.android.gms.permission.AD_ID" />
35-->[com.google.android.gms:play-services-measurement-impl:23.0.0] AndroidManifest.xml:27:5-79
35-->[com.google.android.gms:play-services-measurement-impl:23.0.0] AndroidManifest.xml:27:22-76
36    <uses-permission android:name="android.permission.ACCESS_ADSERVICES_ATTRIBUTION" />
36-->[com.google.android.gms:play-services-measurement-api:23.0.0] AndroidManifest.xml:26:5-88
36-->[com.google.android.gms:play-services-measurement-api:23.0.0] AndroidManifest.xml:26:22-85
37    <uses-permission android:name="android.permission.ACCESS_ADSERVICES_AD_ID" />
37-->[com.google.android.gms:play-services-measurement-api:23.0.0] AndroidManifest.xml:27:5-82
37-->[com.google.android.gms:play-services-measurement-api:23.0.0] AndroidManifest.xml:27:22-79
38
39    <permission
39-->[androidx.core:core:1.13.1] AndroidManifest.xml:22:5-24:47
40        android:name="com.astroma.DYNAMIC_RECEIVER_NOT_EXPORTED_PERMISSION"
40-->[androidx.core:core:1.13.1] AndroidManifest.xml:23:9-81
41        android:protectionLevel="signature" />
41-->[androidx.core:core:1.13.1] AndroidManifest.xml:24:9-44
42
43    <uses-permission android:name="com.astroma.DYNAMIC_RECEIVER_NOT_EXPORTED_PERMISSION" />
43-->[androidx.core:core:1.13.1] AndroidManifest.xml:26:5-97
43-->[androidx.core:core:1.13.1] AndroidManifest.xml:26:22-94
44
45    <application
46        android:name="com.astroma.MainApplication"
46-->src/main/AndroidManifest.xml:7:7-38
47        android:allowBackup="false"
47-->src/main/AndroidManifest.xml:11:7-34
48        android:appComponentFactory="androidx.core.app.CoreComponentFactory"
48-->[androidx.core:core:1.13.1] AndroidManifest.xml:28:18-86
49        android:extractNativeLibs="false"
50        android:icon="@mipmap/ic_launcher"
50-->src/main/AndroidManifest.xml:9:7-41
51        android:label="@string/app_name"
51-->src/main/AndroidManifest.xml:8:7-39
52        android:roundIcon="@mipmap/ic_launcher_round"
52-->src/main/AndroidManifest.xml:10:7-52
53        android:supportsRtl="true"
53-->src/main/AndroidManifest.xml:14:7-33
54        android:theme="@style/AppTheme"
54-->src/main/AndroidManifest.xml:12:7-38
55        android:usesCleartextTraffic="false" >
55-->src/main/AndroidManifest.xml:13:7-61
56        <activity
56-->src/main/AndroidManifest.xml:15:7-26:18
57            android:name="com.astroma.MainActivity"
57-->src/main/AndroidManifest.xml:16:9-37
58            android:configChanges="keyboard|keyboardHidden|orientation|screenLayout|screenSize|smallestScreenSize|uiMode"
58-->src/main/AndroidManifest.xml:18:9-118
59            android:exported="true"
59-->src/main/AndroidManifest.xml:21:9-32
60            android:label="@string/app_name"
60-->src/main/AndroidManifest.xml:17:9-41
61            android:launchMode="singleTask"
61-->src/main/AndroidManifest.xml:19:9-40
62            android:windowSoftInputMode="adjustResize" >
62-->src/main/AndroidManifest.xml:20:9-51
63            <intent-filter>
63-->src/main/AndroidManifest.xml:22:9-25:25
64                <action android:name="android.intent.action.MAIN" />
64-->src/main/AndroidManifest.xml:23:13-65
64-->src/main/AndroidManifest.xml:23:21-62
65
66                <category android:name="android.intent.category.LAUNCHER" />
66-->src/main/AndroidManifest.xml:24:13-73
66-->src/main/AndroidManifest.xml:24:23-70
67            </intent-filter>
68        </activity>
69
70        <provider
70-->[:react-native-webview] AndroidManifest.xml:20:9-28:20
71            android:name="com.reactnativecommunity.webview.RNCWebViewFileProvider"
71-->[:react-native-webview] AndroidManifest.xml:21:13-83
72            android:authorities="com.astroma.fileprovider"
72-->[:react-native-webview] AndroidManifest.xml:22:13-64
73            android:exported="false"
73-->[:react-native-webview] AndroidManifest.xml:23:13-37
74            android:grantUriPermissions="true" >
74-->[:react-native-webview] AndroidManifest.xml:24:13-47
75            <meta-data
75-->[:react-native-webview] AndroidManifest.xml:25:13-27:63
76                android:name="android.support.FILE_PROVIDER_PATHS"
76-->[:react-native-webview] AndroidManifest.xml:26:17-67
77                android:resource="@xml/file_provider_paths" />
77-->[:react-native-webview] AndroidManifest.xml:27:17-60
78        </provider>
79
80        <meta-data
80-->[com.android.billingclient:billing:7.0.0] AndroidManifest.xml:19:9-21:37
81            android:name="com.google.android.play.billingclient.version"
81-->[com.android.billingclient:billing:7.0.0] AndroidManifest.xml:20:13-73
82            android:value="7.0.0" />
82-->[com.android.billingclient:billing:7.0.0] AndroidManifest.xml:21:13-34
83
84        <activity
84-->[com.android.billingclient:billing:7.0.0] AndroidManifest.xml:23:9-27:75
85            android:name="com.android.billingclient.api.ProxyBillingActivity"
85-->[com.android.billingclient:billing:7.0.0] AndroidManifest.xml:24:13-78
86            android:configChanges="keyboard|keyboardHidden|screenLayout|screenSize|orientation"
86-->[com.android.billingclient:billing:7.0.0] AndroidManifest.xml:25:13-96
87            android:exported="false"
87-->[com.android.billingclient:billing:7.0.0] AndroidManifest.xml:26:13-37
88            android:theme="@android:style/Theme.Translucent.NoTitleBar" />
88-->[com.android.billingclient:billing:7.0.0] AndroidManifest.xml:27:13-72
89        <activity
89-->[com.android.billingclient:billing:7.0.0] AndroidManifest.xml:28:9-32:75
90            android:name="com.android.billingclient.api.ProxyBillingActivityV2"
90-->[com.android.billingclient:billing:7.0.0] AndroidManifest.xml:29:13-80
91            android:configChanges="keyboard|keyboardHidden|screenLayout|screenSize|orientation"
91-->[com.android.billingclient:billing:7.0.0] AndroidManifest.xml:30:13-96
92            android:exported="false"
92-->[com.android.billingclient:billing:7.0.0] AndroidManifest.xml:31:13-37
93            android:theme="@android:style/Theme.Translucent.NoTitleBar" />
93-->[com.android.billingclient:billing:7.0.0] AndroidManifest.xml:32:13-72
94
95        <receiver
95-->[com.google.android.gms:play-services-measurement:23.0.0] AndroidManifest.xml:29:9-33:20
96            android:name="com.google.android.gms.measurement.AppMeasurementReceiver"
96-->[com.google.android.gms:play-services-measurement:23.0.0] AndroidManifest.xml:30:13-85
97            android:enabled="true"
97-->[com.google.android.gms:play-services-measurement:23.0.0] AndroidManifest.xml:31:13-35
98            android:exported="false" >
98-->[com.google.android.gms:play-services-measurement:23.0.0] AndroidManifest.xml:32:13-37
99        </receiver>
100
101        <service
101-->[com.google.android.gms:play-services-measurement:23.0.0] AndroidManifest.xml:35:9-38:40
102            android:name="com.google.android.gms.measurement.AppMeasurementService"
102-->[com.google.android.gms:play-services-measurement:23.0.0] AndroidManifest.xml:36:13-84
103            android:enabled="true"
103-->[com.google.android.gms:play-services-measurement:23.0.0] AndroidManifest.xml:37:13-35
104            android:exported="false" />
104-->[com.google.android.gms:play-services-measurement:23.0.0] AndroidManifest.xml:38:13-37
105        <service
105-->[com.google.android.gms:play-services-measurement:23.0.0] AndroidManifest.xml:39:9-43:72
106            android:name="com.google.android.gms.measurement.AppMeasurementJobService"
106-->[com.google.android.gms:play-services-measurement:23.0.0] AndroidManifest.xml:40:13-87
107            android:enabled="true"
107-->[com.google.android.gms:play-services-measurement:23.0.0] AndroidManifest.xml:41:13-35
108            android:exported="false"
108-->[com.google.android.gms:play-services-measurement:23.0.0] AndroidManifest.xml:42:13-37
109            android:permission="android.permission.BIND_JOB_SERVICE" />
109-->[com.google.android.gms:play-services-measurement:23.0.0] AndroidManifest.xml:43:13-69
110
111        <activity
111-->[com.google.android.gms:play-services-base:18.5.0] AndroidManifest.xml:5:9-173
112            android:name="com.google.android.gms.common.api.GoogleApiActivity"
112-->[com.google.android.gms:play-services-base:18.5.0] AndroidManifest.xml:5:19-85
113            android:exported="false"
113-->[com.google.android.gms:play-services-base:18.5.0] AndroidManifest.xml:5:146-170
114            android:theme="@android:style/Theme.Translucent.NoTitleBar" />
114-->[com.google.android.gms:play-services-base:18.5.0] AndroidManifest.xml:5:86-145
115
116        <service
116-->[com.google.android.gms:play-services-measurement-api:23.0.0] AndroidManifest.xml:30:9-36:19
117            android:name="com.google.firebase.components.ComponentDiscoveryService"
117-->[com.google.android.gms:play-services-measurement-api:23.0.0] AndroidManifest.xml:31:13-84
118            android:directBootAware="true"
118-->[com.google.firebase:firebase-common:22.0.1] AndroidManifest.xml:32:13-43
119            android:exported="false" >
119-->[com.google.android.gms:play-services-measurement-api:23.0.0] AndroidManifest.xml:32:13-37
120            <meta-data
120-->[com.google.android.gms:play-services-measurement-api:23.0.0] AndroidManifest.xml:33:13-35:85
121                android:name="com.google.firebase.components:com.google.firebase.analytics.connector.internal.AnalyticsConnectorRegistrar"
121-->[com.google.android.gms:play-services-measurement-api:23.0.0] AndroidManifest.xml:34:17-139
122                android:value="com.google.firebase.components.ComponentRegistrar" />
122-->[com.google.android.gms:play-services-measurement-api:23.0.0] AndroidManifest.xml:35:17-82
123            <meta-data
123-->[com.google.firebase:firebase-installations:19.1.0] AndroidManifest.xml:15:13-17:85
124                android:name="com.google.firebase.components:com.google.firebase.installations.FirebaseInstallationsKtxRegistrar"
124-->[com.google.firebase:firebase-installations:19.1.0] AndroidManifest.xml:16:17-130
125                android:value="com.google.firebase.components.ComponentRegistrar" />
125-->[com.google.firebase:firebase-installations:19.1.0] AndroidManifest.xml:17:17-82
126            <meta-data
126-->[com.google.firebase:firebase-installations:19.1.0] AndroidManifest.xml:18:13-20:85
127                android:name="com.google.firebase.components:com.google.firebase.installations.FirebaseInstallationsRegistrar"
127-->[com.google.firebase:firebase-installations:19.1.0] AndroidManifest.xml:19:17-127
128                android:value="com.google.firebase.components.ComponentRegistrar" />
128-->[com.google.firebase:firebase-installations:19.1.0] AndroidManifest.xml:20:17-82
129            <meta-data
129-->[com.google.firebase:firebase-common:22.0.1] AndroidManifest.xml:35:13-37:85
130                android:name="com.google.firebase.components:com.google.firebase.FirebaseCommonKtxRegistrar"
130-->[com.google.firebase:firebase-common:22.0.1] AndroidManifest.xml:36:17-109
131                android:value="com.google.firebase.components.ComponentRegistrar" />
131-->[com.google.firebase:firebase-common:22.0.1] AndroidManifest.xml:37:17-82
132        </service>
133
134        <provider
134-->[com.google.firebase:firebase-common:22.0.1] AndroidManifest.xml:23:9-28:39
135            android:name="com.google.firebase.provider.FirebaseInitProvider"
135-->[com.google.firebase:firebase-common:22.0.1] AndroidManifest.xml:24:13-77
136            android:authorities="com.astroma.firebaseinitprovider"
136-->[com.google.firebase:firebase-common:22.0.1] AndroidManifest.xml:25:13-72
137            android:directBootAware="true"
137-->[com.google.firebase:firebase-common:22.0.1] AndroidManifest.xml:26:13-43
138            android:exported="false"
138-->[com.google.firebase:firebase-common:22.0.1] AndroidManifest.xml:27:13-37
139            android:initOrder="100" />
139-->[com.google.firebase:firebase-common:22.0.1] AndroidManifest.xml:28:13-36
140
141        <uses-library
141-->[androidx.privacysandbox.ads:ads-adservices:1.1.0-beta11] AndroidManifest.xml:23:9-25:40
142            android:name="android.ext.adservices"
142-->[androidx.privacysandbox.ads:ads-adservices:1.1.0-beta11] AndroidManifest.xml:24:13-50
143            android:required="false" />
143-->[androidx.privacysandbox.ads:ads-adservices:1.1.0-beta11] AndroidManifest.xml:25:13-37
144
145        <provider
145-->[androidx.emoji2:emoji2:1.3.0] AndroidManifest.xml:24:9-32:20
146            android:name="androidx.startup.InitializationProvider"
146-->[androidx.emoji2:emoji2:1.3.0] AndroidManifest.xml:25:13-67
147            android:authorities="com.astroma.androidx-startup"
147-->[androidx.emoji2:emoji2:1.3.0] AndroidManifest.xml:26:13-68
148            android:exported="false" >
148-->[androidx.emoji2:emoji2:1.3.0] AndroidManifest.xml:27:13-37
149            <meta-data
149-->[androidx.emoji2:emoji2:1.3.0] AndroidManifest.xml:29:13-31:52
150                android:name="androidx.emoji2.text.EmojiCompatInitializer"
150-->[androidx.emoji2:emoji2:1.3.0] AndroidManifest.xml:30:17-75
151                android:value="androidx.startup" />
151-->[androidx.emoji2:emoji2:1.3.0] AndroidManifest.xml:31:17-49
152            <meta-data
152-->[androidx.lifecycle:lifecycle-process:2.6.2] AndroidManifest.xml:29:13-31:52
153                android:name="androidx.lifecycle.ProcessLifecycleInitializer"
153-->[androidx.lifecycle:lifecycle-process:2.6.2] AndroidManifest.xml:30:17-78
154                android:value="androidx.startup" />
154-->[androidx.lifecycle:lifecycle-process:2.6.2] AndroidManifest.xml:31:17-49
155            <meta-data
155-->[androidx.profileinstaller:profileinstaller:1.3.1] AndroidManifest.xml:29:13-31:52
156                android:name="androidx.profileinstaller.ProfileInstallerInitializer"
156-->[androidx.profileinstaller:profileinstaller:1.3.1] AndroidManifest.xml:30:17-85
157                android:value="androidx.startup" />
157-->[androidx.profileinstaller:profileinstaller:1.3.1] AndroidManifest.xml:31:17-49
158        </provider>
159
160        <meta-data
160-->[com.google.android.gms:play-services-basement:18.8.0] AndroidManifest.xml:21:9-23:69
161            android:name="com.google.android.gms.version"
161-->[com.google.android.gms:play-services-basement:18.8.0] AndroidManifest.xml:22:13-58
162            android:value="@integer/google_play_services_version" />
162-->[com.google.android.gms:play-services-basement:18.8.0] AndroidManifest.xml:23:13-66
163
164        <receiver
164-->[androidx.profileinstaller:profileinstaller:1.3.1] AndroidManifest.xml:34:9-52:20
165            android:name="androidx.profileinstaller.ProfileInstallReceiver"
165-->[androidx.profileinstaller:profileinstaller:1.3.1] AndroidManifest.xml:35:13-76
166            android:directBootAware="false"
166-->[androidx.profileinstaller:profileinstaller:1.3.1] AndroidManifest.xml:36:13-44
167            android:enabled="true"
167-->[androidx.profileinstaller:profileinstaller:1.3.1] AndroidManifest.xml:37:13-35
168            android:exported="true"
168-->[androidx.profileinstaller:profileinstaller:1.3.1] AndroidManifest.xml:38:13-36
169            android:permission="android.permission.DUMP" >
169-->[androidx.profileinstaller:profileinstaller:1.3.1] AndroidManifest.xml:39:13-57
170            <intent-filter>
170-->[androidx.profileinstaller:profileinstaller:1.3.1] AndroidManifest.xml:40:13-42:29
171                <action android:name="androidx.profileinstaller.action.INSTALL_PROFILE" />
171-->[androidx.profileinstaller:profileinstaller:1.3.1] AndroidManifest.xml:41:17-91
171-->[androidx.profileinstaller:profileinstaller:1.3.1] AndroidManifest.xml:41:25-88
172            </intent-filter>
173            <intent-filter>
173-->[androidx.profileinstaller:profileinstaller:1.3.1] AndroidManifest.xml:43:13-45:29
174                <action android:name="androidx.profileinstaller.action.SKIP_FILE" />
174-->[androidx.profileinstaller:profileinstaller:1.3.1] AndroidManifest.xml:44:17-85
174-->[androidx.profileinstaller:profileinstaller:1.3.1] AndroidManifest.xml:44:25-82
175            </intent-filter>
176            <intent-filter>
176-->[androidx.profileinstaller:profileinstaller:1.3.1] AndroidManifest.xml:46:13-48:29
177                <action android:name="androidx.profileinstaller.action.SAVE_PROFILE" />
177-->[androidx.profileinstaller:profileinstaller:1.3.1] AndroidManifest.xml:47:17-88
177-->[androidx.profileinstaller:profileinstaller:1.3.1] AndroidManifest.xml:47:25-85
178            </intent-filter>
179            <intent-filter>
179-->[androidx.profileinstaller:profileinstaller:1.3.1] AndroidManifest.xml:49:13-51:29
180                <action android:name="androidx.profileinstaller.action.BENCHMARK_OPERATION" />
180-->[androidx.profileinstaller:profileinstaller:1.3.1] AndroidManifest.xml:50:17-95
180-->[androidx.profileinstaller:profileinstaller:1.3.1] AndroidManifest.xml:50:25-92
181            </intent-filter>
182        </receiver>
183
184        <service
184-->[com.google.android.datatransport:transport-backend-cct:3.1.8] AndroidManifest.xml:28:9-34:19
185            android:name="com.google.android.datatransport.runtime.backends.TransportBackendDiscovery"
185-->[com.google.android.datatransport:transport-backend-cct:3.1.8] AndroidManifest.xml:29:13-103
186            android:exported="false" >
186-->[com.google.android.datatransport:transport-backend-cct:3.1.8] AndroidManifest.xml:30:13-37
187            <meta-data
187-->[com.google.android.datatransport:transport-backend-cct:3.1.8] AndroidManifest.xml:31:13-33:39
188                android:name="backend:com.google.android.datatransport.cct.CctBackendFactory"
188-->[com.google.android.datatransport:transport-backend-cct:3.1.8] AndroidManifest.xml:32:17-94
189                android:value="cct" />
189-->[com.google.android.datatransport:transport-backend-cct:3.1.8] AndroidManifest.xml:33:17-36
190        </service>
191        <service
191-->[com.google.android.datatransport:transport-runtime:3.1.8] AndroidManifest.xml:26:9-30:19
192            android:name="com.google.android.datatransport.runtime.scheduling.jobscheduling.JobInfoSchedulerService"
192-->[com.google.android.datatransport:transport-runtime:3.1.8] AndroidManifest.xml:27:13-117
193            android:exported="false"
193-->[com.google.android.datatransport:transport-runtime:3.1.8] AndroidManifest.xml:28:13-37
194            android:permission="android.permission.BIND_JOB_SERVICE" >
194-->[com.google.android.datatransport:transport-runtime:3.1.8] AndroidManifest.xml:29:13-69
195        </service>
196
197        <receiver
197-->[com.google.android.datatransport:transport-runtime:3.1.8] AndroidManifest.xml:32:9-34:40
198            android:name="com.google.android.datatransport.runtime.scheduling.jobscheduling.AlarmManagerSchedulerBroadcastReceiver"
198-->[com.google.android.datatransport:transport-runtime:3.1.8] AndroidManifest.xml:33:13-132
199            android:exported="false" />
199-->[com.google.android.datatransport:transport-runtime:3.1.8] AndroidManifest.xml:34:13-37
200
201        <meta-data
201-->[com.facebook.soloader:soloader:0.12.1] AndroidManifest.xml:12:9-14:37
202            android:name="com.facebook.soloader.enabled"
202-->[com.facebook.soloader:soloader:0.12.1] AndroidManifest.xml:13:13-57
203            android:value="false" />
203-->[com.facebook.soloader:soloader:0.12.1] AndroidManifest.xml:14:13-34
204    </application>
205
206</manifest>